<?xml version="1.0" encoding="UTF-8"?>
<testng-results ignored="0" total="2" passed="2" failed="0" skipped="0">
  <reporter-output>
  </reporter-output>
  <suite started-at="2022-10-14T00:32:16 CDT" name="Default suite" finished-at="2022-10-14T00:32:26 CDT" duration-ms="10325">
    <groups>
    </groups>
    <test started-at="2022-10-14T00:32:16 CDT" name="Default test" finished-at="2022-10-14T00:32:26 CDT" duration-ms="10325">
      <class name="variousConcepts.LoginTest">
        <test-method is-config="true" signature="readConfig()[pri:0, instance:variousConcepts.LoginTest@3c73951]" started-at="2022-10-14T00:32:16 CDT" name="readConfig" finished-at="2022-10-14T00:32:16 CDT" duration-ms="7" status="PASS">
          <reporter-output>
          </reporter-output>
        </test-method> <!-- readConfig -->
        <test-method is-config="true" signature="init()[pri:0, instance:variousConcepts.LoginTest@3c73951]" started-at="2022-10-14T00:32:16 CDT" name="init" finished-at="2022-10-14T00:32:18 CDT" duration-ms="2371" status="PASS">
          <reporter-output>
          </reporter-output>
        </test-method> <!-- init -->
        <test-method signature="loginTest()[pri:1, instance:variousConcepts.LoginTest@3c73951]" started-at="2022-10-14T00:32:18 CDT" name="loginTest" finished-at="2022-10-14T00:32:19 CDT" duration-ms="1043" status="PASS">
          <reporter-output>
          </reporter-output>
        </test-method> <!-- loginTest -->
        <test-method is-config="true" signature="init()[pri:0, instance:variousConcepts.LoginTest@3c73951]" started-at="2022-10-14T00:32:19 CDT" name="init" finished-at="2022-10-14T00:32:21 CDT" duration-ms="1899" status="PASS">
          <reporter-output>
          </reporter-output>
        </test-method> <!-- init -->
        <test-method signature="addCustomer()[pri:2, instance:variousConcepts.LoginTest@3c73951]" started-at="2022-10-14T00:32:21 CDT" name="addCustomer" finished-at="2022-10-14T00:32:26 CDT" duration-ms="4959" status="PASS">
          <reporter-output>
          </reporter-output>
        </test-method> <!-- addCustomer -->
      </class> <!-- variousConcepts.LoginTest -->
    </test> <!-- Default test -->
  </suite> <!-- Default suite -->
</testng-results>
